# JRE version: OpenJDK Runtime Environment (10.0.2+13) (build 10.0.2+13-Ubuntu-1ubuntu0.18.04.4)
# Java VM: OpenJDK 64-Bit Server VM (10.0.2+13-Ubuntu-1ubuntu0.18.04.4, mixed mode, tiered, compressed oops, g1 gc, linux-amd64)
Heap:
 garbage-first heap   total 860160K, used 6959K [0x00000006c7200000, 0x00000007c0000000)
  region size 1024K, 5 young (5120K), 5 survivors (5120K)
 Metaspace       used 13883K, capacity 14033K, committed 14336K, reserved 1062912K
  class space    used 1122K, capacity 1176K, committed 1280K, reserved 1048576K
GC Heap History (10 events):
Event: 12,283 GC heap after
{Heap after GC invocations=11 (full 0):
 garbage-first heap   total 307200K, used 6476K [0x00000006c7200000, 0x00000007c0000000)
  region size 1024K, 6 young (6144K), 6 survivors (6144K)
 Metaspace       used 13770K, capacity 13905K, committed 14336K, reserved 1062912K
  class space    used 1121K, capacity 1176K, committed 1280K, reserved 1048576K
}
Event: 12,642 GC heap before
{Heap before GC invocations=11 (full 0):
 garbage-first heap   total 307200K, used 184652K [0x00000006c7200000, 0x00000007c0000000)
  region size 1024K, 180 young (184320K), 6 survivors (6144K)
 Metaspace       used 13770K, capacity 13905K, committed 14336K, reserved 1062912K
  class space    used 1121K, capacity 1176K, committed 1280K, reserved 1048576K
}
Event: 12,714 GC heap after
{Heap after GC invocations=12 (full 0):
 garbage-first heap   total 430080K, used 6684K [0x00000006c7200000, 0x00000007c0000000)
  region size 1024K, 6 young (6144K), 6 survivors (6144K)
 Metaspace       used 13770K, capacity 13905K, committed 14336K, reserved 1062912K
  class space    used 1121K, capacity 1176K, committed 1280K, reserved 1048576K
}
Event: 17,828 GC heap before
{Heap before GC invocations=12 (full 0):
 garbage-first heap   total 430080K, used 258588K [0x00000006c7200000, 0x00000007c0000000)
  region size 1024K, 252 young (258048K), 6 survivors (6144K)
 Metaspace       used 13842K, capacity 13969K, committed 14336K, reserved 1062912K
  class space    used 1122K, capacity 1176K, committed 1280K, reserved 1048576K
}
Event: 18,052 GC heap after
{Heap after GC invocations=13 (full 0):
 garbage-first heap   total 430080K, used 6667K [0x00000006c7200000, 0x00000007c0000000)
  region size 1024K, 6 young (6144K), 6 survivors (6144K)
 Metaspace       used 13842K, capacity 13969K, committed 14336K, reserved 1062912K
  class space    used 1122K, capacity 1176K, committed 1280K, reserved 1048576K
}
Event: 19,823 GC heap before
{Heap before GC invocations=13 (full 0):
 garbage-first heap   total 430080K, used 258571K [0x00000006c7200000, 0x00000007c0000000)
  region size 1024K, 252 young (258048K), 6 survivors (6144K)
 Metaspace       used 13842K, capacity 13969K, committed 14336K, reserved 1062912K
  class space    used 1122K, capacity 1176K, committed 1280K, reserved 1048576K
}
Event: 20,053 GC heap after
{Heap after GC invocations=14 (full 0):
 garbage-first heap   total 430080K, used 7218K [0x00000006c7200000, 0x00000007c0000000)
  region size 1024K, 7 young (7168K), 7 survivors (7168K)
 Metaspace       used 13842K, capacity 13969K, committed 14336K, reserved 1062912K
  class space    used 1122K, capacity 1176K, committed 1280K, reserved 1048576K
}
Event: 27,097 GC heap before
{Heap before GC invocations=14 (full 0):
 garbage-first heap   total 430080K, used 258098K [0x00000006c7200000, 0x00000007c0000000)
  region size 1024K, 252 young (258048K), 7 survivors (7168K)
 Metaspace       used 13882K, capacity 14033K, committed 14336K, reserved 1062912K
  class space    used 1122K, capacity 1176K, committed 1280K, reserved 1048576K
}
Event: 27,202 GC heap after
{Heap after GC invocations=15 (full 0):
 garbage-first heap   total 430080K, used 6946K [0x00000006c7200000, 0x00000007c0000000)
  region size 1024K, 7 young (7168K), 7 survivors (7168K)
 Metaspace       used 13882K, capacity 14033K, committed 14336K, reserved 1062912K
  class space    used 1122K, capacity 1176K, committed 1280K, reserved 1048576K
}
Event: 28,356 GC heap before
{Heap before GC invocations=15 (full 0):
 garbage-first heap   total 430080K, used 257826K [0x00000006c7200000, 0x00000007c0000000)
  region size 1024K, 252 young (258048K), 7 survivors (7168K)
 Metaspace       used 13883K, capacity 14033K, committed 14336K, reserved 1062912K
  class space    used 1122K, capacity 1176K, committed 1280K, reserved 1048576K
}

