# JRE version: OpenJDK Runtime Environment (10.0.2+13) (build 10.0.2+13-Ubuntu-1ubuntu0.18.04.4)
# Java VM: OpenJDK 64-Bit Server VM (10.0.2+13-Ubuntu-1ubuntu0.18.04.4, mixed mode, tiered, compressed oops, g1 gc, linux-amd64)
Heap:
 garbage-first heap   total 802816K, used 4675K [0x00000006c7200000, 0x00000007c0000000)
  region size 1024K, 3 young (3072K), 3 survivors (3072K)
 Metaspace       used 13880K, capacity 14037K, committed 14336K, reserved 1062912K
  class space    used 1123K, capacity 1176K, committed 1280K, reserved 1048576K
GC Heap History (10 events):
Event: 16,694 GC heap after
{Heap after GC invocations=12 (full 0):
 garbage-first heap   total 401408K, used 4844K [0x00000006c7200000, 0x00000007c0000000)
  region size 1024K, 4 young (4096K), 4 survivors (4096K)
 Metaspace       used 13792K, capacity 13909K, committed 14336K, reserved 1062912K
  class space    used 1123K, capacity 1176K, committed 1280K, reserved 1048576K
}
Event: 37,585 GC heap before
{Heap before GC invocations=12 (full 0):
 garbage-first heap   total 401408K, used 241388K [0x00000006c7200000, 0x00000007c0000000)
  region size 1024K, 235 young (240640K), 4 survivors (4096K)
 Metaspace       used 13846K, capacity 13973K, committed 14336K, reserved 1062912K
  class space    used 1123K, capacity 1176K, committed 1280K, reserved 1048576K
}
Event: 37,960 GC heap after
{Heap after GC invocations=13 (full 0):
 garbage-first heap   total 401408K, used 4410K [0x00000006c7200000, 0x00000007c0000000)
  region size 1024K, 4 young (4096K), 4 survivors (4096K)
 Metaspace       used 13846K, capacity 13973K, committed 14336K, reserved 1062912K
  class space    used 1123K, capacity 1176K, committed 1280K, reserved 1048576K
}
Event: 39,824 GC heap before
{Heap before GC invocations=13 (full 0):
 garbage-first heap   total 401408K, used 240954K [0x00000006c7200000, 0x00000007c0000000)
  region size 1024K, 235 young (240640K), 4 survivors (4096K)
 Metaspace       used 13846K, capacity 13973K, committed 14336K, reserved 1062912K
  class space    used 1123K, capacity 1176K, committed 1280K, reserved 1048576K
}
Event: 39,976 GC heap after
{Heap after GC invocations=14 (full 0):
 garbage-first heap   total 401408K, used 4559K [0x00000006c7200000, 0x00000007c0000000)
  region size 1024K, 4 young (4096K), 4 survivors (4096K)
 Metaspace       used 13846K, capacity 13973K, committed 14336K, reserved 1062912K
  class space    used 1123K, capacity 1176K, committed 1280K, reserved 1048576K
}
Event: 46,679 GC heap before
{Heap before GC invocations=14 (full 0):
 garbage-first heap   total 401408K, used 241103K [0x00000006c7200000, 0x00000007c0000000)
  region size 1024K, 235 young (240640K), 4 survivors (4096K)
 Metaspace       used 13879K, capacity 14037K, committed 14336K, reserved 1062912K
  class space    used 1123K, capacity 1176K, committed 1280K, reserved 1048576K
}
Event: 46,771 GC heap after
{Heap after GC invocations=15 (full 0):
 garbage-first heap   total 401408K, used 4565K [0x00000006c7200000, 0x00000007c0000000)
  region size 1024K, 4 young (4096K), 4 survivors (4096K)
 Metaspace       used 13879K, capacity 14037K, committed 14336K, reserved 1062912K
  class space    used 1123K, capacity 1176K, committed 1280K, reserved 1048576K
}
Event: 47,413 GC heap before
{Heap before GC invocations=15 (full 0):
 garbage-first heap   total 401408K, used 241109K [0x00000006c7200000, 0x00000007c0000000)
  region size 1024K, 235 young (240640K), 4 survivors (4096K)
 Metaspace       used 13880K, capacity 14037K, committed 14336K, reserved 1062912K
  class space    used 1123K, capacity 1176K, committed 1280K, reserved 1048576K
}
Event: 47,613 GC heap after
{Heap after GC invocations=16 (full 0):
 garbage-first heap   total 401408K, used 4895K [0x00000006c7200000, 0x00000007c0000000)
  region size 1024K, 3 young (3072K), 3 survivors (3072K)
 Metaspace       used 13880K, capacity 14037K, committed 14336K, reserved 1062912K
  class space    used 1123K, capacity 1176K, committed 1280K, reserved 1048576K
}
Event: 48,290 GC heap before
{Heap before GC invocations=16 (full 0):
 garbage-first heap   total 401408K, used 242463K [0x00000006c7200000, 0x00000007c0000000)
  region size 1024K, 235 young (240640K), 3 survivors (3072K)
 Metaspace       used 13880K, capacity 14037K, committed 14336K, reserved 1062912K
  class space    used 1123K, capacity 1176K, committed 1280K, reserved 1048576K
}

